<?xml version="1.0" encoding="UTF-8"?>
<!-- Generated by org.testng.reporters.JUnitReportReporter -->
<testsuite hostname="TYSS-Pavan" failures="0" tests="2" name="parallel.Parallel_1" time="65.232" errors="0" timestamp="2023-04-07T15:08:06 IST" skipped="0">
  <testcase classname="parallel.Parallel_1" name="testparallel" time="44.871"/>
  <system-out/>
  <testcase classname="parallel.Parallel_1" name="testparallel" time="20.361"/>
  <system-out/>
</testsuite> <!-- parallel.Parallel_1 -->
