<?xml version="1.0" encoding="UTF-8"?>
<!-- Generated by org.testng.reporters.JUnitReportReporter -->
<testsuite hostname="TYSS-Pavan" failures="0" tests="1" name="gestures.Scroll_Gesture" time="20.779" errors="0" timestamp="2023-04-05T16:12:00 IST" skipped="0">
  <testcase classname="gestures.Scroll_Gesture" name="scrol" time="20.779"/>
  <system-out/>
</testsuite> <!-- gestures.Scroll_Gesture -->
