<?xml version="1.0" encoding="UTF-8"?>
<!-- Generated by org.testng.reporters.JUnitReportReporter -->
<testsuite hostname="TYSS-Pavan" failures="0" tests="1" name="gestures.Swipe" time="20.027" errors="0" timestamp="2023-04-05T12:22:45 IST" skipped="0">
  <testcase classname="gestures.Swipe" name="test1" time="20.027"/>
  <system-out/>
</testsuite> <!-- gestures.Swipe -->
