<?xml version="1.0" encoding="UTF-8"?>
<!-- Generated by org.testng.reporters.JUnitReportReporter -->
<testsuite hostname="TYSS-Pavan" failures="0" tests="1" name="server.StartSever_custom" time="22.981" errors="0" timestamp="2023-04-04T11:09:33 IST" skipped="0">
  <testcase classname="server.StartSever_custom" name="launchapp" time="22.981"/>
  <system-out/>
</testsuite> <!-- server.StartSever_custom -->
