<?xml version="1.0" encoding="UTF-8"?>
<!-- Generated by org.testng.reporters.JUnitReportReporter -->
<testsuite hostname="TYSS-Pavan" failures="0" tests="1" name="gestures.ZoomIN" time="26.132" errors="0" timestamp="2023-04-05T15:30:13 IST" skipped="0">
  <testcase classname="gestures.ZoomIN" name="test1" time="26.132"/>
  <system-out/>
</testsuite> <!-- gestures.ZoomIN -->
