<?xml version="1.0" encoding="UTF-8"?>
<!-- Generated by org.testng.reporters.JUnitReportReporter -->
<testsuite hostname="TYSS-Pavan" failures="0" tests="1" name="driver.methods.AppInstalled" time="29.640" errors="0" timestamp="2023-04-04T17:03:31 IST" skipped="0">
  <testcase classname="driver.methods.AppInstalled" name="unlock" time="29.640"/>
  <system-out/>
</testsuite> <!-- driver.methods.AppInstalled -->
