<?xml version="1.0" encoding="UTF-8"?>
<!-- Generated by org.testng.reporters.JUnitReportReporter -->
<testsuite hostname="TYSS-Pavan" failures="0" tests="1" name="driver.methods.Lock_Unlock" time="23.009" errors="0" timestamp="2023-04-04T15:00:03 IST" skipped="0">
  <testcase classname="driver.methods.Lock_Unlock" name="unlock" time="23.009"/>
  <system-out/>
</testsuite> <!-- driver.methods.Lock_Unlock -->
